Traceback (most recent call last):
  File "/home/tojuhaka/.virtualenvs/pyramid/bin/pserve", line 8, in <module>
    load_entry_point('pyramid==1.3a3', 'console_scripts', 'pserve')()
  File "/home/tojuhaka/.virtualenvs/pyramid/lib/python2.6/site-packages/pyramid-1.3a3-py2.6.egg/pyramid/scripts/pserve.py", line 32, in main
    return command.run()
  File "/home/tojuhaka/.virtualenvs/pyramid/lib/python2.6/site-packages/pyramid-1.3a3-py2.6.egg/pyramid/scripts/pserve.py", line 275, in run
    relative_to=base, global_conf=vars)
  File "/home/tojuhaka/.virtualenvs/pyramid/lib/python2.6/site-packages/pyramid-1.3a3-py2.6.egg/pyramid/scripts/pserve.py", line 303, in loadapp
    return loadapp(app_spec, name=name, relative_to=relative_to, **kw)
  File "/home/tojuhaka/.virtualenvs/pyramid/lib/python2.6/site-packages/PasteDeploy-1.5.0-py2.6.egg/paste/deploy/loadwsgi.py", line 247, in loadapp
    return loadobj(APP, uri, name=name, **kw)
  File "/home/tojuhaka/.virtualenvs/pyramid/lib/python2.6/site-packages/PasteDeploy-1.5.0-py2.6.egg/paste/deploy/loadwsgi.py", line 271, in loadobj
    global_conf=global_conf)
  File "/home/tojuhaka/.virtualenvs/pyramid/lib/python2.6/site-packages/PasteDeploy-1.5.0-py2.6.egg/paste/deploy/loadwsgi.py", line 296, in loadcontext
    global_conf=global_conf)
  File "/home/tojuhaka/.virtualenvs/pyramid/lib/python2.6/site-packages/PasteDeploy-1.5.0-py2.6.egg/paste/deploy/loadwsgi.py", line 320, in _loadconfig
    return loader.get_context(object_type, name, global_conf)
  File "/home/tojuhaka/.virtualenvs/pyramid/lib/python2.6/site-packages/PasteDeploy-1.5.0-py2.6.egg/paste/deploy/loadwsgi.py", line 454, in get_context
    section)
  File "/home/tojuhaka/.virtualenvs/pyramid/lib/python2.6/site-packages/PasteDeploy-1.5.0-py2.6.egg/paste/deploy/loadwsgi.py", line 476, in _context_from_use
    object_type, name=use, global_conf=global_conf)
  File "/home/tojuhaka/.virtualenvs/pyramid/lib/python2.6/site-packages/PasteDeploy-1.5.0-py2.6.egg/paste/deploy/loadwsgi.py", line 406, in get_context
    global_conf=global_conf)
  File "/home/tojuhaka/.virtualenvs/pyramid/lib/python2.6/site-packages/PasteDeploy-1.5.0-py2.6.egg/paste/deploy/loadwsgi.py", line 296, in loadcontext
    global_conf=global_conf)
  File "/home/tojuhaka/.virtualenvs/pyramid/lib/python2.6/site-packages/PasteDeploy-1.5.0-py2.6.egg/paste/deploy/loadwsgi.py", line 328, in _loadegg
    return loader.get_context(object_type, name, global_conf)
  File "/home/tojuhaka/.virtualenvs/pyramid/lib/python2.6/site-packages/PasteDeploy-1.5.0-py2.6.egg/paste/deploy/loadwsgi.py", line 620, in get_context
    object_type, name=name)
  File "/home/tojuhaka/.virtualenvs/pyramid/lib/python2.6/site-packages/PasteDeploy-1.5.0-py2.6.egg/paste/deploy/loadwsgi.py", line 640, in find_egg_entry_point
    pkg_resources.require(self.spec)
  File "/home/tojuhaka/.virtualenvs/pyramid/lib/python2.6/site-packages/setuptools-0.6c11-py2.6.egg/pkg_resources.py", line 666, in require
  File "/home/tojuhaka/.virtualenvs/pyramid/lib/python2.6/site-packages/setuptools-0.6c11-py2.6.egg/pkg_resources.py", line 565, in resolve
pkg_resources.DistributionNotFound: easyblog
Removing PID file pyramid.pid
Traceback (most recent call last):
  File "/home/tojuhaka/.virtualenvs/pyramid/bin/pserve", line 8, in <module>
    load_entry_point('pyramid==1.3a3', 'console_scripts', 'pserve')()
  File "/home/tojuhaka/.virtualenvs/pyramid/lib/python2.6/site-packages/pyramid-1.3a3-py2.6.egg/pyramid/scripts/pserve.py", line 32, in main
    return command.run()
  File "/home/tojuhaka/.virtualenvs/pyramid/lib/python2.6/site-packages/pyramid-1.3a3-py2.6.egg/pyramid/scripts/pserve.py", line 275, in run
    relative_to=base, global_conf=vars)
  File "/home/tojuhaka/.virtualenvs/pyramid/lib/python2.6/site-packages/pyramid-1.3a3-py2.6.egg/pyramid/scripts/pserve.py", line 303, in loadapp
    return loadapp(app_spec, name=name, relative_to=relative_to, **kw)
  File "/home/tojuhaka/.virtualenvs/pyramid/lib/python2.6/site-packages/PasteDeploy-1.5.0-py2.6.egg/paste/deploy/loadwsgi.py", line 247, in loadapp
    return loadobj(APP, uri, name=name, **kw)
  File "/home/tojuhaka/.virtualenvs/pyramid/lib/python2.6/site-packages/PasteDeploy-1.5.0-py2.6.egg/paste/deploy/loadwsgi.py", line 271, in loadobj
    global_conf=global_conf)
  File "/home/tojuhaka/.virtualenvs/pyramid/lib/python2.6/site-packages/PasteDeploy-1.5.0-py2.6.egg/paste/deploy/loadwsgi.py", line 296, in loadcontext
    global_conf=global_conf)
  File "/home/tojuhaka/.virtualenvs/pyramid/lib/python2.6/site-packages/PasteDeploy-1.5.0-py2.6.egg/paste/deploy/loadwsgi.py", line 320, in _loadconfig
    return loader.get_context(object_type, name, global_conf)
  File "/home/tojuhaka/.virtualenvs/pyramid/lib/python2.6/site-packages/PasteDeploy-1.5.0-py2.6.egg/paste/deploy/loadwsgi.py", line 454, in get_context
    section)
  File "/home/tojuhaka/.virtualenvs/pyramid/lib/python2.6/site-packages/PasteDeploy-1.5.0-py2.6.egg/paste/deploy/loadwsgi.py", line 476, in _context_from_use
    object_type, name=use, global_conf=global_conf)
  File "/home/tojuhaka/.virtualenvs/pyramid/lib/python2.6/site-packages/PasteDeploy-1.5.0-py2.6.egg/paste/deploy/loadwsgi.py", line 406, in get_context
    global_conf=global_conf)
  File "/home/tojuhaka/.virtualenvs/pyramid/lib/python2.6/site-packages/PasteDeploy-1.5.0-py2.6.egg/paste/deploy/loadwsgi.py", line 296, in loadcontext
    global_conf=global_conf)
  File "/home/tojuhaka/.virtualenvs/pyramid/lib/python2.6/site-packages/PasteDeploy-1.5.0-py2.6.egg/paste/deploy/loadwsgi.py", line 328, in _loadegg
    return loader.get_context(object_type, name, global_conf)
  File "/home/tojuhaka/.virtualenvs/pyramid/lib/python2.6/site-packages/PasteDeploy-1.5.0-py2.6.egg/paste/deploy/loadwsgi.py", line 620, in get_context
    object_type, name=name)
  File "/home/tojuhaka/.virtualenvs/pyramid/lib/python2.6/site-packages/PasteDeploy-1.5.0-py2.6.egg/paste/deploy/loadwsgi.py", line 640, in find_egg_entry_point
    pkg_resources.require(self.spec)
  File "/home/tojuhaka/.virtualenvs/pyramid/lib/python2.6/site-packages/setuptools-0.6c11-py2.6.egg/pkg_resources.py", line 666, in require
  File "/home/tojuhaka/.virtualenvs/pyramid/lib/python2.6/site-packages/setuptools-0.6c11-py2.6.egg/pkg_resources.py", line 565, in resolve
pkg_resources.DistributionNotFound: easyblog
Removing PID file pyramid.pid
2011-12-24 14:06:08,768 WARNI [ZODB.FileStorage][MainThread] Ignoring index for /home/tojuhaka/host/pyramid/easyblog/Data.fs
Traceback (most recent call last):
  File "/home/tojuhaka/.virtualenvs/pyramid/bin/pserve", line 8, in <module>
    load_entry_point('pyramid==1.3a3', 'console_scripts', 'pserve')()
  File "/home/tojuhaka/.virtualenvs/pyramid/lib/python2.6/site-packages/pyramid-1.3a3-py2.6.egg/pyramid/scripts/pserve.py", line 32, in main
    return command.run()
  File "/home/tojuhaka/.virtualenvs/pyramid/lib/python2.6/site-packages/pyramid-1.3a3-py2.6.egg/pyramid/scripts/pserve.py", line 275, in run
    relative_to=base, global_conf=vars)
  File "/home/tojuhaka/.virtualenvs/pyramid/lib/python2.6/site-packages/pyramid-1.3a3-py2.6.egg/pyramid/scripts/pserve.py", line 303, in loadapp
    return loadapp(app_spec, name=name, relative_to=relative_to, **kw)
  File "/home/tojuhaka/.virtualenvs/pyramid/lib/python2.6/site-packages/PasteDeploy-1.5.0-py2.6.egg/paste/deploy/loadwsgi.py", line 247, in loadapp
    return loadobj(APP, uri, name=name, **kw)
  File "/home/tojuhaka/.virtualenvs/pyramid/lib/python2.6/site-packages/PasteDeploy-1.5.0-py2.6.egg/paste/deploy/loadwsgi.py", line 272, in loadobj
    return context.create()
  File "/home/tojuhaka/.virtualenvs/pyramid/lib/python2.6/site-packages/PasteDeploy-1.5.0-py2.6.egg/paste/deploy/loadwsgi.py", line 710, in create
    return self.object_type.invoke(self)
  File "/home/tojuhaka/.virtualenvs/pyramid/lib/python2.6/site-packages/PasteDeploy-1.5.0-py2.6.egg/paste/deploy/loadwsgi.py", line 146, in invoke
    return fix_call(context.object, context.global_conf, **context.local_conf)
  File "/home/tojuhaka/.virtualenvs/pyramid/lib/python2.6/site-packages/PasteDeploy-1.5.0-py2.6.egg/paste/deploy/util.py", line 56, in fix_call
    val = callable(*args, **kw)
  File "/home/tojuhaka/host/pyramid/easyblog/easyblog/__init__.py", line 12, in main
    config = Configurator(root_factory=root_factory, settings=settings)
  File "/home/tojuhaka/.virtualenvs/pyramid/lib/python2.6/site-packages/pyramid-1.3a3-py2.6.egg/pyramid/config/__init__.py", line 303, in __init__
    introspector=introspector,
  File "/home/tojuhaka/.virtualenvs/pyramid/lib/python2.6/site-packages/pyramid-1.3a3-py2.6.egg/pyramid/config/__init__.py", line 429, in setup_registry
    self.include(inc)
  File "/home/tojuhaka/.virtualenvs/pyramid/lib/python2.6/site-packages/pyramid-1.3a3-py2.6.egg/pyramid/config/__init__.py", line 720, in include
    c(configurator)
  File "/home/tojuhaka/.virtualenvs/pyramid/lib/python2.6/site-packages/pyramid_zodbconn-0.2-py2.6.egg/pyramid_zodbconn/__init__.py", line 50, in includeme
    db = db_from_uri(uri)
  File "/home/tojuhaka/.virtualenvs/pyramid/lib/python2.6/site-packages/pyramid_zodbconn-0.2-py2.6.egg/pyramid_zodbconn/__init__.py", line 30, in db_from_uri
    return DB(storage, **dbkw)
  File "/home/tojuhaka/.virtualenvs/pyramid/lib/python2.6/site-packages/ZODB3-3.10.5-py2.6-linux-x86_64.egg/ZODB/DB.py", line 459, in __init__
    temp_storage.tpc_vote(t)
  File "/home/tojuhaka/.virtualenvs/pyramid/lib/python2.6/site-packages/ZODB3-3.10.5-py2.6-linux-x86_64.egg/ZODB/FileStorage/FileStorage.py", line 679, in tpc_vote
    ZODB.utils.cp(self._tfile, self._file, dlen)
  File "/home/tojuhaka/.virtualenvs/pyramid/lib/python2.6/site-packages/ZODB3-3.10.5-py2.6-linux-x86_64.egg/ZODB/utils.py", line 109, in cp
    data = read(n)
IOError: [Errno 71] Protocol error
Removing PID file pyramid.pid
